Content-Type: text/plain; charset="utf-8"
MIME-Version: 1.0
Content-Transfer-Encoding: 7bit
Subject: New Booking
From: My Tutors
To: jamal@gmail.com2
Date: Sat, 11 Nov 2017 21:56:53 -0000
Message-ID: <20171111215653.1064.93434@Hamza-pc>

You have been booked by Hamza on 2017-11-14 00:00:00.
-------------------------------------------------------------------------------
Content-Type: text/plain; charset="utf-8"
MIME-Version: 1.0
Content-Transfer-Encoding: 7bit
Subject: Booking Update
From: My Tutors
To: hamza.siddiqui155@gmail.com
Date: Sat, 11 Nov 2017 21:56:53 -0000
Message-ID: <20171111215653.1064.29777@Hamza-pc>

You booked  contracted2 on 2017-11-14 00:00:00. $0 will be deducted from your wallet.
-------------------------------------------------------------------------------
