Content-Type: text/plain; charset="utf-8"
MIME-Version: 1.0
Content-Transfer-Encoding: 7bit
Subject: New Booking
From: My Tutors
To: jamal@gmail.com2
Date: Sun, 12 Nov 2017 09:13:51 -0000
Message-ID: <20171112091351.6608.72334@LAPTOP-PRMIHQM0.hku.hk>

You have been booked by contracted1 on 2017-11-18 00:00:00.
-------------------------------------------------------------------------------
Content-Type: text/plain; charset="utf-8"
MIME-Version: 1.0
Content-Transfer-Encoding: 7bit
Subject: Booking Update
From: My Tutors
To: jamal@gmail.com
Date: Sun, 12 Nov 2017 09:13:51 -0000
Message-ID: <20171112091351.6608.25006@LAPTOP-PRMIHQM0.hku.hk>

You booked  contracted2 on 2017-11-18 00:00:00. $0 will be deducted from your wallet.
-------------------------------------------------------------------------------
