Content-Type: text/plain; charset="utf-8"
MIME-Version: 1.0
Content-Transfer-Encoding: 7bit
Subject: New Booking
From: My Tutors
To: jamal@gmail.com7
Date: Wed, 15 Nov 2017 13:16:23 -0000
Message-ID: <20171115131623.18216.20524@LAPTOP-PRMIHQM0.hku.hk>

You have been booked by Jamal6 on 2017-11-19 00:00:00.
-------------------------------------------------------------------------------
Content-Type: text/plain; charset="utf-8"
MIME-Version: 1.0
Content-Transfer-Encoding: 7bit
Subject: Booking Update
From: My Tutors
To: jamal@gmail.com6
Date: Wed, 15 Nov 2017 13:16:23 -0000
Message-ID: <20171115131623.18216.27331@LAPTOP-PRMIHQM0.hku.hk>

You booked  Jamal Ahmed on 2017-11-19 00:00:00
-------------------------------------------------------------------------------
