Content-Type: text/plain; charset="utf-8"
MIME-Version: 1.0
Content-Transfer-Encoding: 7bit
Subject: New Booking
From: My Tutors
To: jamal@gmail.com2
Date: Sat, 11 Nov 2017 17:15:29 -0000
Message-ID: <20171111171529.15620.33434@LAPTOP-PRMIHQM0.hku.hk>

You have been booked by contracted1 on 2017-11-17 00:00:00.
-------------------------------------------------------------------------------
Content-Type: text/plain; charset="utf-8"
MIME-Version: 1.0
Content-Transfer-Encoding: 7bit
Subject: Booking Update
From: My Tutors
To: jamal@gmail.com
Date: Sat, 11 Nov 2017 17:15:29 -0000
Message-ID: <20171111171529.15620.13063@LAPTOP-PRMIHQM0.hku.hk>

You booked  contracted2 on 2017-11-17 00:00:00. $0 will be deducted from your wallet.
-------------------------------------------------------------------------------
