Content-Type: text/plain; charset="utf-8"
MIME-Version: 1.0
Content-Transfer-Encoding: 7bit
Subject: Booking Cancellation
From: My Tutors
To: jamal@gmail.com
Date: Tue, 14 Nov 2017 12:51:04 -0000
Message-ID: <20171114125104.6564.78033@LAPTOP-PRMIHQM0.hku.hk>

Your booking on 2017-11-20 have been cancelled by Jamal4. 
-------------------------------------------------------------------------------
Content-Type: text/plain; charset="utf-8"
MIME-Version: 1.0
Content-Transfer-Encoding: 7bit
Subject: Booking Update
From: My Tutors
To: jamal@gmail.com4
Date: Tue, 14 Nov 2017 12:51:04 -0000
Message-ID: <20171114125104.6564.4061@LAPTOP-PRMIHQM0.hku.hk>

You cancelled  jamal on 2017-11-20. $250 will be refunded to your wallet.
-------------------------------------------------------------------------------
