Content-Type: text/plain; charset="utf-8"
MIME-Version: 1.0
Content-Transfer-Encoding: 7bit
Subject: New Booking
From: My Tutors
To: jamal@gmail.com2
Date: Wed, 15 Nov 2017 13:02:58 -0000
Message-ID: <20171115130258.400.12107@LAPTOP-PRMIHQM0.hku.hk>

You have been booked by Jamal Ahmed on 2017-11-19 00:00:00.
-------------------------------------------------------------------------------
Content-Type: text/plain; charset="utf-8"
MIME-Version: 1.0
Content-Transfer-Encoding: 7bit
Subject: Booking Update
From: My Tutors
To: jamal@gmail.com7
Date: Wed, 15 Nov 2017 13:02:58 -0000
Message-ID: <20171115130258.400.33939@LAPTOP-PRMIHQM0.hku.hk>

You booked  jamal2 on 2017-11-19 00:00:00
-------------------------------------------------------------------------------
