Content-Type: text/plain; charset="utf-8"
MIME-Version: 1.0
Content-Transfer-Encoding: 7bit
Subject: New Booking
From: My Tutors
To: jamal@gmail.com
Date: Thu, 16 Nov 2017 17:43:40 -0000
Message-ID: <20171116174340.7380.29888@LAPTOP-PRMIHQM0.hku.hk>

You have been booked by Jamal Ahmed on 2017-11-20 00:00:00.
-------------------------------------------------------------------------------
Content-Type: text/plain; charset="utf-8"
MIME-Version: 1.0
Content-Transfer-Encoding: 7bit
Subject: Booking Update
From: My Tutors
To: jamal@gmail.com7
Date: Thu, 16 Nov 2017 17:43:40 -0000
Message-ID: <20171116174340.7380.45247@LAPTOP-PRMIHQM0.hku.hk>

You booked  jamal on 2017-11-20 00:00:00
-------------------------------------------------------------------------------
