Content-Type: text/plain; charset="utf-8"
MIME-Version: 1.0
Content-Transfer-Encoding: 7bit
Subject: New Booking
From: My Tutors
To: jamal@gmail.com2
Date: Tue, 21 Nov 2017 13:47:15 -0000
Message-ID: <20171121134715.12680.31093@Hamza-pc>

You have been booked by Hamza on 2017-11-23 00:00:00.
-------------------------------------------------------------------------------
Content-Type: text/plain; charset="utf-8"
MIME-Version: 1.0
Content-Transfer-Encoding: 7bit
Subject: Booking Update
From: My Tutors
To: hamza.siddiqui155@gmail.com
Date: Tue, 21 Nov 2017 13:47:15 -0000
Message-ID: <20171121134715.12680.66487@Hamza-pc>

You booked  jamal2 on 2017-11-23 00:00:00
-------------------------------------------------------------------------------
