Content-Type: text/plain; charset="utf-8"
MIME-Version: 1.0
Content-Transfer-Encoding: 7bit
Subject: Booking Cancellation
From: My Tutors
To: jamal@gmail.com2
Date: Wed, 15 Nov 2017 13:02:35 -0000
Message-ID: <20171115130235.400.17316@LAPTOP-PRMIHQM0.hku.hk>

Your booking on 2017-11-19 have been cancelled by Jamal Ahmed. 
-------------------------------------------------------------------------------
Content-Type: text/plain; charset="utf-8"
MIME-Version: 1.0
Content-Transfer-Encoding: 7bit
Subject: Booking Update
From: My Tutors
To: jamal@gmail.com7
Date: Wed, 15 Nov 2017 13:02:35 -0000
Message-ID: <20171115130235.400.38366@LAPTOP-PRMIHQM0.hku.hk>

You cancelled  jamal2 on 2017-11-19
-------------------------------------------------------------------------------
