Content-Type: text/plain; charset="utf-8"
MIME-Version: 1.0
Content-Transfer-Encoding: 7bit
Subject: New Booking
From: My Tutors
To: jamal@gmail.com
Date: Thu, 16 Nov 2017 08:42:14 -0000
Message-ID: <20171116084214.7380.15283@LAPTOP-PRMIHQM0.hku.hk>

You have been booked by Jamal Ahmed on 2017-11-24 00:00:00.
-------------------------------------------------------------------------------
Content-Type: text/plain; charset="utf-8"
MIME-Version: 1.0
Content-Transfer-Encoding: 7bit
Subject: Booking Update
From: My Tutors
To: jamal@gmail.com7
Date: Thu, 16 Nov 2017 08:42:14 -0000
Message-ID: <20171116084214.7380.58437@LAPTOP-PRMIHQM0.hku.hk>

You booked  jamal on 2017-11-24 00:00:00
-------------------------------------------------------------------------------
