Content-Type: text/plain; charset="utf-8"
MIME-Version: 1.0
Content-Transfer-Encoding: 7bit
Subject: New Booking
From: My Tutors
To: jamal@gmail.com6
Date: Wed, 15 Nov 2017 12:53:34 -0000
Message-ID: <20171115125334.15064.98674@LAPTOP-PRMIHQM0.hku.hk>

You have been booked by Jamal Ahmed on 2017-11-18 00:00:00.
-------------------------------------------------------------------------------
Content-Type: text/plain; charset="utf-8"
MIME-Version: 1.0
Content-Transfer-Encoding: 7bit
Subject: Booking Update
From: My Tutors
To: jamal@gmail.com7
Date: Wed, 15 Nov 2017 12:53:34 -0000
Message-ID: <20171115125334.15064.82232@LAPTOP-PRMIHQM0.hku.hk>

You booked  Jamal6 on 2017-11-18 00:00:00
-------------------------------------------------------------------------------
