Content-Type: text/plain; charset="utf-8"
MIME-Version: 1.0
Content-Transfer-Encoding: 7bit
Subject: New Booking
From: My Tutors
To: jamal@gmail.com
Date: Tue, 14 Nov 2017 06:58:06 -0000
Message-ID: <20171114065806.16108.46071@LAPTOP-PRMIHQM0.hku.hk>

You have been booked by Jamal3 on 2017-11-16 00:00:00.
-------------------------------------------------------------------------------
Content-Type: text/plain; charset="utf-8"
MIME-Version: 1.0
Content-Transfer-Encoding: 7bit
Subject: Booking Update
From: My Tutors
To: jamal@gmail.com3
Date: Tue, 14 Nov 2017 06:58:06 -0000
Message-ID: <20171114065806.16108.94126@LAPTOP-PRMIHQM0.hku.hk>

You booked  jamal on 2017-11-16 00:00:00. $250 will be deducted from your wallet.
-------------------------------------------------------------------------------
