Content-Type: text/plain; charset="utf-8"
MIME-Version: 1.0
Content-Transfer-Encoding: 7bit
Subject: Booking Cancellation
From: My Tutors
To: jamal@gmail.com6
Date: Wed, 15 Nov 2017 12:59:36 -0000
Message-ID: <20171115125936.2616.40490@LAPTOP-PRMIHQM0.hku.hk>

Your booking on 2017-11-18 have been cancelled by Jamal Ahmed. 
-------------------------------------------------------------------------------
Content-Type: text/plain; charset="utf-8"
MIME-Version: 1.0
Content-Transfer-Encoding: 7bit
Subject: Booking Update
From: My Tutors
To: jamal@gmail.com7
Date: Wed, 15 Nov 2017 12:59:36 -0000
Message-ID: <20171115125936.2616.43068@LAPTOP-PRMIHQM0.hku.hk>

You cancelled  Jamal6 on 2017-11-18. $100 will be refunded to your wallet.
-------------------------------------------------------------------------------
