Content-Type: text/plain; charset="utf-8"
MIME-Version: 1.0
Content-Transfer-Encoding: 7bit
Subject: New Booking
From: My Tutors
To: jamal@gmail.com
Date: Wed, 15 Nov 2017 13:28:10 -0000
Message-ID: <20171115132810.10024.27091@LAPTOP-PRMIHQM0.hku.hk>

You have been booked by Jamal Ahmed on 2017-11-17 00:00:00.
-------------------------------------------------------------------------------
Content-Type: text/plain; charset="utf-8"
MIME-Version: 1.0
Content-Transfer-Encoding: 7bit
Subject: Booking Update
From: My Tutors
To: jamal@gmail.com7
Date: Wed, 15 Nov 2017 13:28:10 -0000
Message-ID: <20171115132810.10024.40434@LAPTOP-PRMIHQM0.hku.hk>

You booked  jamal on 2017-11-17 00:00:00
-------------------------------------------------------------------------------
