Content-Type: text/plain; charset="utf-8"
MIME-Version: 1.0
Content-Transfer-Encoding: 7bit
Subject: New Booking
From: My Tutors
To: jamal@gmail.com
Date: Mon, 13 Nov 2017 16:08:47 -0000
Message-ID: <20171113160847.1296.32347@LAPTOP-PRMIHQM0.hku.hk>

You have been booked by Jamal3 on 2017-11-21 00:00:00.
-------------------------------------------------------------------------------
Content-Type: text/plain; charset="utf-8"
MIME-Version: 1.0
Content-Transfer-Encoding: 7bit
Subject: Booking Update
From: My Tutors
To: jamal@gmail.com3
Date: Mon, 13 Nov 2017 16:08:47 -0000
Message-ID: <20171113160847.1296.61957@LAPTOP-PRMIHQM0.hku.hk>

You booked  jamal on 2017-11-21 00:00:00. $250 will be deducted from your wallet.
-------------------------------------------------------------------------------
