Content-Type: text/plain; charset="utf-8"
MIME-Version: 1.0
Content-Transfer-Encoding: 7bit
Subject: New Booking
From: My Tutors
To: jamal@hku.hk
Date: Thu, 23 Nov 2017 07:58:15 -0000
Message-ID: <20171123075815.26680.77471@LAPTOP-PRMIHQM0.hku.hk>

You have been booked by Jamal Ahmed on 2017-11-26 00:00:00.
-------------------------------------------------------------------------------
Content-Type: text/plain; charset="utf-8"
MIME-Version: 1.0
Content-Transfer-Encoding: 7bit
Subject: Booking Update
From: My Tutors
To: jamal@gmail.com7
Date: Thu, 23 Nov 2017 07:58:15 -0000
Message-ID: <20171123075815.26680.69568@LAPTOP-PRMIHQM0.hku.hk>

You booked  Jamal on 2017-11-26 00:00:00
-------------------------------------------------------------------------------
