Content-Type: text/plain; charset="utf-8"
MIME-Version: 1.0
Content-Transfer-Encoding: 7bit
Subject: Booking Cancellation
From: My Tutors
To: jamal@gmail.com
Date: Wed, 15 Nov 2017 13:27:26 -0000
Message-ID: <20171115132726.5348.44705@LAPTOP-PRMIHQM0.hku.hk>

Your booking on 2017-11-17 have been cancelled by Jamal Ahmed. 
-------------------------------------------------------------------------------
Content-Type: text/plain; charset="utf-8"
MIME-Version: 1.0
Content-Transfer-Encoding: 7bit
Subject: Booking Update
From: My Tutors
To: jamal@gmail.com7
Date: Wed, 15 Nov 2017 13:27:26 -0000
Message-ID: <20171115132726.5348.21648@LAPTOP-PRMIHQM0.hku.hk>

You cancelled  jamal on 2017-11-17
-------------------------------------------------------------------------------
