Content-Type: text/plain; charset="utf-8"
MIME-Version: 1.0
Content-Transfer-Encoding: 7bit
Subject: New Booking
From: My Tutors
To: jamal@gmail.com
Date: Wed, 22 Nov 2017 14:34:19 -0000
Message-ID: <20171122143419.10244.42636@Hamza-pc>

You have been booked by Hamza on 2017-11-29 00:00:00.
-------------------------------------------------------------------------------
Content-Type: text/plain; charset="utf-8"
MIME-Version: 1.0
Content-Transfer-Encoding: 7bit
Subject: Booking Update
From: My Tutors
To: hamza.siddiqui155@gmail.com
Date: Wed, 22 Nov 2017 14:34:19 -0000
Message-ID: <20171122143419.10244.11269@Hamza-pc>

You booked  jamal on 2017-11-29 00:00:00
-------------------------------------------------------------------------------
