Content-Type: text/plain; charset="utf-8"
MIME-Version: 1.0
Content-Transfer-Encoding: 7bit
Subject: New Booking
From: My Tutors
To: jamal@hku.hk
Date: Wed, 22 Nov 2017 19:33:55 -0000
Message-ID: <20171122193355.22832.31500@LAPTOP-PRMIHQM0.hku.hk>

You have been booked by Jamal Ahmed on 2017-11-24 00:00:00.
-------------------------------------------------------------------------------
Content-Type: text/plain; charset="utf-8"
MIME-Version: 1.0
Content-Transfer-Encoding: 7bit
Subject: Booking Update
From: My Tutors
To: jamal@gmail.com7
Date: Wed, 22 Nov 2017 19:33:55 -0000
Message-ID: <20171122193355.22832.54981@LAPTOP-PRMIHQM0.hku.hk>

You booked  Jamal on 2017-11-24 00:00:00
-------------------------------------------------------------------------------
