Content-Type: text/plain; charset="utf-8"
MIME-Version: 1.0
Content-Transfer-Encoding: 7bit
Subject: New Booking
From: My Tutors
To: jamal@gmail.com
Date: Mon, 13 Nov 2017 14:26:45 -0000
Message-ID: <20171113142645.18644.74464@LAPTOP-PRMIHQM0.hku.hk>

You have been booked by jamal2 on 2017-11-15 00:00:00.
-------------------------------------------------------------------------------
Content-Type: text/plain; charset="utf-8"
MIME-Version: 1.0
Content-Transfer-Encoding: 7bit
Subject: Booking Update
From: My Tutors
To: jamal@gmail.com2
Date: Mon, 13 Nov 2017 14:26:45 -0000
Message-ID: <20171113142645.18644.51007@LAPTOP-PRMIHQM0.hku.hk>

You booked  jamal on 2017-11-15 00:00:00. $250 will be deducted from your wallet.
-------------------------------------------------------------------------------
