Content-Type: text/plain; charset="utf-8"
MIME-Version: 1.0
Content-Transfer-Encoding: 7bit
Subject: New Booking
From: My Tutors
To: jamal@gmail.com
Date: Wed, 15 Nov 2017 12:46:25 -0000
Message-ID: <20171115124625.15064.75631@LAPTOP-PRMIHQM0.hku.hk>

You have been booked by Jamal Ahmed on 2017-11-21 00:00:00.
-------------------------------------------------------------------------------
Content-Type: text/plain; charset="utf-8"
MIME-Version: 1.0
Content-Transfer-Encoding: 7bit
Subject: Booking Update
From: My Tutors
To: jamal@gmail.com7
Date: Wed, 15 Nov 2017 12:46:25 -0000
Message-ID: <20171115124625.15064.54030@LAPTOP-PRMIHQM0.hku.hk>

You booked  jamal on 2017-11-21 00:00:00
-------------------------------------------------------------------------------
